start
start initializing design template
start loading S1S2
start loading single Residue Energy
res: 1 rotNum: 343
res: 2 rotNum: 284
res: 3 rotNum: 204
res: 4 rotNum: 403
res: 5 rotNum: 248
res: 6 rotNum: 429
res: 7 rotNum: 188
res: 8 rotNum: 360
res: 9 rotNum: 414
res: 10 rotNum: 341
res: 11 rotNum: 264
res: 12 rotNum: 308
res: 13 rotNum: 290
res: 14 rotNum: 458
res: 15 rotNum: 97
res: 16 rotNum: 359
res: 17 rotNum: 232
res: 18 rotNum: 136
res: 19 rotNum: 62
res: 20 rotNum: 397
res: 21 rotNum: 338
res: 22 rotNum: 67
res: 23 rotNum: 146
res: 24 rotNum: 285
res: 25 rotNum: 403
res: 26 rotNum: 99
res: 27 rotNum: 445
res: 28 rotNum: 273
res: 29 rotNum: 371
res: 30 rotNum: 345
res: 31 rotNum: 331
res: 32 rotNum: 318
res: 33 rotNum: 283
res: 34 rotNum: 392
res: 35 rotNum: 427
res: 36 rotNum: 195
res: 37 rotNum: 344
res: 38 rotNum: 197
res: 39 rotNum: 269
res: 40 rotNum: 175
res: 41 rotNum: 296
res: 42 rotNum: 109
res: 43 rotNum: 86
res: 44 rotNum: 14
res: 45 rotNum: 331
res: 46 rotNum: 409
res: 47 rotNum: 434
res: 48 rotNum: 281
res: 49 rotNum: 418
res: 50 rotNum: 238
res: 51 rotNum: 337
res: 52 rotNum: 141
res: 53 rotNum: 451
res: 54 rotNum: 181
res: 55 rotNum: 298
res: 56 rotNum: 1
res: 57 rotNum: 220
res: 58 rotNum: 239
res: 59 rotNum: 290
res: 60 rotNum: 219
res: 61 rotNum: 224
res: 62 rotNum: 278
res: 63 rotNum: 380
res: 64 rotNum: 107
res: 65 rotNum: 249
res: 66 rotNum: 290
res: 67 rotNum: 178
res: 68 rotNum: 97
res: 69 rotNum: 302
res: 70 rotNum: 340
res: 71 rotNum: 67
res: 72 rotNum: 103
res: 73 rotNum: 339
res: 74 rotNum: 417
res: 75 rotNum: 147
res: 76 rotNum: 398
res: 77 rotNum: 294
res: 78 rotNum: 456
res: 79 rotNum: 284
res: 80 rotNum: 135
res: 81 rotNum: 370
res: 82 rotNum: 374
res: 83 rotNum: 259
res: 84 rotNum: 108
res: 85 rotNum: 74
res: 86 rotNum: 289
res: 87 rotNum: 247
res: 88 rotNum: 447
start loading pairwise energy
start MC
10.0000   493.1077   318.7838 19471
 9.5000   458.7282   308.7219 19224
 9.0250   383.7036   300.0062 18930
 8.5738   417.9727   300.0062 18895
 8.1451   581.7039   272.9342 18321
 7.7378   381.0341   272.9342 18267
 7.3509   434.2536   264.6780 17907
 6.9834   409.5678   264.6780 17682
 6.6342   367.0842   241.9949 17415
 6.3025   351.7954   241.9949 16993
 5.9874   328.3573   241.9949 17009
 5.6880   292.4106   241.9949 16798
 5.4036   338.9753   215.7969 16635
 5.1334   331.4549   215.7969 15869
 4.8767   251.9552   192.2077 15756
 4.6329   300.3448   192.2077 15498
 4.4013   374.6971   192.2077 15597
 4.1812   268.1138   190.2757 14951
 3.9721   304.1119   190.2757 14816
 3.7735   244.3738   185.0719 14784
 3.5849   241.8041   185.0719 14290
 3.4056   220.4935   185.0719 14086
 3.2353   255.4130   169.5935 13626
 3.0736   208.9182   148.2414 13274
 2.9199   222.2313   148.2414 12948
 2.7739   199.5301   148.2414 12892
 2.6352   207.2842   148.2414 12307
 2.5034   188.3510   148.2414 12045
 2.3783   176.3383   134.2617 11831
 2.2594   166.7226   134.2617 11450
 2.1464   193.7218   124.9673 11416
 2.0391   174.6192   105.5129 10365
 1.9371   159.0689   105.5129 10424
 1.8403   151.2422   105.5129 9973
 1.7482   143.9946   101.5404 9472
 1.6608   149.9647    99.8562 9440
 1.5778   126.0556    92.8478 8708
 1.4989   112.6050    85.7790 8740
 1.4240   117.5147    85.7452 8236
 1.3528   122.6628    68.2551 7818
 1.2851   140.2668    68.2551 7581
 1.2209   113.1176    57.8736 7089
 1.1598    87.4350    57.8736 6732
 1.1018    70.8591    57.8736 6578
 1.0467    59.7973    41.9107 5839
 0.9944    64.3272    38.4572 5581
 0.9447    47.8949    36.6558 5344
 0.8974    30.2119    18.7837 5079
 0.8526    37.5111    18.7837 4673
 0.8099    52.6653    11.7842 4419
 0.7694    42.3428    11.7842 4246
 0.7310    37.4278     9.4588 3841
 0.6944    16.1912    -7.4623 3584
 0.6597     5.8481    -7.4623 3338
 0.6267     9.4157    -7.4623 3245
 0.5954    19.2367    -7.4623 3008
 0.5656    20.6666    -7.4623 2832
 0.5373    11.7548    -9.4749 2638
 0.5105     2.4426   -11.2919 2608
 0.4849    -4.7983   -18.7849 2325
 0.4607    -5.4324   -18.7849 2138
 0.4377    -6.8132   -18.7849 2008
 0.4158   -11.6319   -18.7849 2036
 0.3950   -12.6509   -18.7849 1921
 0.3752   -12.8228   -20.7659 1750
 0.3565   -20.7059   -21.9978 1705
 0.3387   -15.2951   -27.1599 1495
 0.3217   -20.9872   -27.1599 1504
 0.3056   -23.5296   -27.1599 1357
 0.2904   -19.2289   -27.1599 1367
 0.2758   -27.3416   -27.7680 1320
 0.2620   -31.9226   -32.7777 1233
 0.2489   -26.7703   -32.7777 1278
 0.2365   -29.4024   -33.4441 1187
 0.2247   -29.2537   -33.4441 1088
 0.2134   -25.1574   -33.4441 1201
 0.2028   -31.7367   -34.0865 1071
 0.1926   -31.8632   -36.0753 1044
 0.1830   -31.1759   -36.0753 1016
 0.1738   -34.2842   -36.0753 1056
 0.1652   -36.0469   -36.5122  940
 0.1569   -37.5211   -37.7437  920
 0.1491   -36.5748   -38.3616 1016
 0.1416   -35.7305   -38.3616  896
 0.1345   -37.5343   -38.3616  960
 0.1278   -36.9507   -38.3990  927
 0.1214   -37.2328   -38.3990  891
 0.1153   -37.4486   -38.3990  891
 0.1096   -38.3646   -38.5283  849
 0.1041   -38.6918   -38.8336  923
 0.0989   -39.3595   -39.6954  843
 0.0939   -39.2087   -39.6954  861
 0.0892   -38.0799   -39.6954  911
 0.0848   -38.4781   -39.6954  890
 0.0805   -38.4030   -39.6954  865
 0.0765   -39.2534   -39.6954  903
 0.0727   -39.0809   -39.6954  871
 0.0691   -39.2607   -39.6954  874
 0.0656   -39.0803   -39.6954  856
 0.0623   -39.5027   -39.6954  860
 0.0592   -39.2728   -39.6954  919
 0.0562   -39.1410   -39.6954  886
 0.0534   -39.2311   -39.6954  850
 0.0508   -39.2791   -39.6954  853
 0.0482   -39.6185   -39.6954  880
 0.0458   -39.3995   -39.6954  872
 0.0435   -39.4162   -39.6954  885
 0.0413   -39.6839   -39.6954  788
 0.0393   -39.2464   -39.7317  820
 0.0373   -39.3409   -39.7317  864
 0.0354   -39.5857   -39.7317  854
 0.0337   -39.4241   -39.7317  804
 0.0320   -39.5747   -39.7317  882
 0.0304   -39.4758   -39.7317  899
 0.0289   -39.6565   -39.7347  880
 0.0274   -39.5944   -39.7347  874
 0.0261   -39.7063   -39.7347  860
 0.0248   -39.7602   -39.8224  902
 0.0235   -39.8224   -39.8224  807
 0.0223   -39.8189   -39.8224  825
 0.0212   -39.8211   -39.8224  846
 0.0202   -39.7421   -39.8224  867
 0.0192   -39.7554   -39.8224  814
 0.0182   -39.7860   -39.8224  813
 0.0173   -39.7825   -39.8224  806
 0.0164   -39.8189   -39.8224  809
 0.0156   -39.7838   -39.8224  801
 0.0148   -39.7825   -39.8224  850
 0.0141   -39.8189   -39.8224  854
 0.0134   -39.8176   -39.8224  874
 0.0127   -39.8189   -39.8224  880
 0.0121   -39.8211   -39.8224  811
 0.0115   -39.8224   -39.8224  858
 0.0109   -39.8211   -39.8224  939
time: 118.73
